<?xml version="1.0" encoding="UTF-8"?>
<!-- Generated by org.testng.reporters.JUnitXMLReporter -->
<testsuite ignored="0" hostname="GILBERT" failures="0" tests="4" name="ChromeTest" time="15.686" errors="0" timestamp="2024-09-14T19:10:47 IST">
  <testcase classname="org.optiosol.OptisolTestngProgram" name="tc2" time="4.552"/>
  <testcase classname="org.optiosol.OptisolTestngProgram" name="tc3" time="0.042"/>
  <testcase classname="org.optiosol.OptisolTestngProgram" name="tc4" time="9.175"/>
  <testcase classname="org.optiosol.OptisolTestngProgram" name="tc7" time="0.282"/>
</testsuite> <!-- ChromeTest -->
