<?xml version="1.0" encoding="UTF-8"?>
<!-- Generated by org.testng.reporters.JUnitXMLReporter -->
<testsuite ignored="0" hostname="GILBERT" failures="0" tests="4" name="EdgeTest" time="26.688" errors="0" timestamp="2024-09-14T19:11:14 IST">
  <testcase classname="org.optiosol.OptisolTestngProgram" name="tc2" time="15.083"/>
  <testcase classname="org.optiosol.OptisolTestngProgram" name="tc3" time="0.019"/>
  <testcase classname="org.optiosol.OptisolTestngProgram" name="tc4" time="9.172"/>
  <testcase classname="org.optiosol.OptisolTestngProgram" name="tc7" time="1.439"/>
</testsuite> <!-- EdgeTest -->
